app/build/intermediates/manifest_merge_blame_file/debug/manifest-merger-blame-debug-report.txt
1<?xml version="1.0" encoding="utf-8"?>
2<manifest xmlns:android="http://schemas.android.com/apk/res/android"
3    package="com.quanglewangle.shopping"
4    android:versionCode="1"
5    android:versionName="1.0" >
6
7    <uses-sdk
8        android:minSdkVersion="23"
8-->src/main/AndroidManifest.xml
9        android:targetSdkVersion="26" />
9-->src/main/AndroidManifest.xml
10
11    <uses-permission android:name="android.permission.INTERNET" />
11-->src/main/AndroidManifest.xml:6:5-67
11-->src/main/AndroidManifest.xml:6:22-64
12
13    <!-- Internet Permissions -->
14    <uses-permission android:name="android.permission.INTERNET" />
14-->src/main/AndroidManifest.xml:6:5-67
14-->src/main/AndroidManifest.xml:6:22-64
15
16    <application
16-->src/main/AndroidManifest.xml:7:5-34:19
17        android:appComponentFactory="android.support.v4.app.CoreComponentFactory"
17-->[com.android.support:support-compat:28.0.0] AndroidManifest.xml:22:18-91
18        android:debuggable="true"
19        android:extractNativeLibs="false"
20        android:icon="@drawable/ic_launcher"
20-->src/main/AndroidManifest.xml:8:9-45
21        android:label="@string/app_name"
21-->src/main/AndroidManifest.xml:9:9-41
22        android:testOnly="true" >
23        <activity
23-->src/main/AndroidManifest.xml:12:9-24:20
24            android:name="com.quanglewangle.peter.shopping3.AndroidTabAndListView"
24-->src/main/AndroidManifest.xml:17:13-50
25            android:configChanges="keyboardHidden|orientation"
25-->src/main/AndroidManifest.xml:16:13-63
26            android:label="@string/app_name" >
26-->src/main/AndroidManifest.xml:18:13-45
27            <intent-filter>
27-->src/main/AndroidManifest.xml:19:13-23:29
28                <action android:name="android.intent.action.MAIN" />
28-->src/main/AndroidManifest.xml:20:17-69
28-->src/main/AndroidManifest.xml:20:25-66
29
30                <category android:name="android.intent.category.LAUNCHER" />
30-->src/main/AndroidManifest.xml:22:17-77
30-->src/main/AndroidManifest.xml:22:27-74
31            </intent-filter>
32        </activity>
33
34        <!-- Inbox Activity -->
35        <activity android:name="com.quanglewangle.peter.shopping3.CupboardActivity" />
35-->src/main/AndroidManifest.xml:27:9-54
35-->src/main/AndroidManifest.xml:27:19-51
36
37        <!-- Outbox Activity -->
38        <activity android:name="com.quanglewangle.peter.shopping3.ListActivity" />
38-->src/main/AndroidManifest.xml:30:9-50
38-->src/main/AndroidManifest.xml:30:19-47
39
40        <!-- Profile Activity -->
41        <activity android:name="com.quanglewangle.peter.shopping3.BasketActivity" />
41-->src/main/AndroidManifest.xml:33:9-52
41-->src/main/AndroidManifest.xml:33:19-49
42    </application>
43
44</manifest>